[    0.000000] Initializing cgroup subsys cpuset
[    0.000000] Initializing cgroup subsys cpu
[    0.000000] Initializing cgroup subsys cpuacct
[    0.000000] Linux version 4.4.0-165-generic (buildd@lgw01-amd64-027) (gcc version 5.4.0 20160609 (Ubuntu 5.4.0-6ubuntu1~16.04.10) ) #193-Ubuntu SMP Tue Sep 17 17:42:52 UTC 2019 (Ubuntu 4.4.0-165.193-generic 4.4.189)
[    0.000000] Command line: BOOT_IMAGE=/boot/vmlinuz-4.4.0-165-generic root=LABEL=cloudimg-rootfs ro console=tty1 console=ttyS0
[    0.000000] KERNEL supported cpus:
[    0.000000]   Intel GenuineIntel
[    0.000000]   AMD AuthenticAMD
[    0.000000]   Centaur CentaurHauls
[    0.000000] x86/fpu: xstate_offset[2]:  576, xstate_sizes[2]:  256
[    0.000000] x86/fpu: Supporting XSAVE feature 0x01: 'x87 floating point registers'
[    0.000000] x86/fpu: Supporting XSAVE feature 0x02: 'SSE registers'
[    0.000000] x86/fpu: Supporting XSAVE feature 0x04: 'AVX registers'
[    0.000000] x86/fpu: Enabled xstate features 0x7, context size is 832 bytes, using 'standard' format.
[    0.000000] e820: BIOS-provided physical RAM map:
[    0.000000] BIOS-e820: [mem 0x0000000000000000-0x000000000009fbff] usable
[    0.000000] BIOS-e820: [mem 0x000000000009fc00-0x000000000009ffff] reserved
[    0.000000] BIOS-e820: [mem 0x00000000000f0000-0x00000000000fffff] reserved
[    0.000000] BIOS-e820: [mem 0x0000000000100000-0x000000003ffeffff] usable
[    0.000000] BIOS-e820: [mem 0x000000003fff0000-0x000000003fffffff] ACPI data
[    0.000000] BIOS-e820: [mem 0x00000000fec00000-0x00000000fec00fff] reserved
[    0.000000] BIOS-e820: [mem 0x00000000fee00000-0x00000000fee00fff] reserved
[    0.000000] BIOS-e820: [mem 0x00000000fffc0000-0x00000000ffffffff] reserved
[    0.000000] NX (Execute Disable) protection: active
[    0.000000] SMBIOS 2.5 present.
[    0.000000] Hypervisor detected: KVM
[    0.000000] e820: last_pfn = 0x3fff0 max_arch_pfn = 0x400000000
[    0.000000] MTRR: Disabled
[    0.000000] x86/PAT: MTRRs disabled, skipping PAT initialization too.
[    0.000000] CPU MTRRs all blank - virtualized system.
[    0.000000] x86/PAT: Configuration [0-7]: WB  WT  UC- UC  WB  WT  UC- UC  
[    0.000000] found SMP MP-table at [mem 0x0009fff0-0x0009ffff] mapped at [ffff88000009fff0]
[    0.000000] Scanning 1 areas for low memory corruption
[    0.000000] RAMDISK: [mem 0x362fa000-0x37174fff]
[    0.000000] ACPI: Early table checksum verification disabled
[    0.000000] ACPI: RSDP 0x00000000000E0000 000024 (v02 VBOX  )
[    0.000000] ACPI: XSDT 0x000000003FFF0030 00003C (v01 VBOX   VBOXXSDT 00000001 ASL  00000061)
[    0.000000] ACPI: FACP 0x000000003FFF00F0 0000F4 (v04 VBOX   VBOXFACP 00000001 ASL  00000061)
[    0.000000] ACPI: DSDT 0x000000003FFF0470 0022EA (v02 VBOX   VBOXBIOS 00000002 INTL 20100528)
[    0.000000] ACPI: FACS 0x000000003FFF0200 000040
[    0.000000] ACPI: FACS 0x000000003FFF0200 000040
[    0.000000] ACPI: APIC 0x000000003FFF0240 00005C (v02 VBOX   VBOXAPIC 00000001 ASL  00000061)
[    0.000000] ACPI: SSDT 0x000000003FFF02A0 0001CC (v01 VBOX   VBOXCPUT 00000002 INTL 20100528)
[    0.000000] No NUMA configuration found
[    0.000000] Faking a node at [mem 0x0000000000000000-0x000000003ffeffff]
[    0.000000] NODE_DATA(0) allocated [mem 0x3ffeb000-0x3ffeffff]
[    0.000000] kvm-clock: Using msrs 4b564d01 and 4b564d00
[    0.000000] kvm-clock: cpu 0, msr 0:3ffe3001, primary cpu clock
[    0.000000] kvm-clock: using sched offset of 3396729813 cycles
[    0.000000] clocksource: kvm-clock: mask: 0xffffffffffffffff max_cycles: 0x1cd42e4dffb, max_idle_ns: 881590591483 ns
[    0.000000] Zone ranges:
[    0.000000]   DMA      [mem 0x0000000000001000-0x0000000000ffffff]
[    0.000000]   DMA32    [mem 0x0000000001000000-0x000000003ffeffff]
[    0.000000]   Normal   empty
[    0.000000]   Device   empty
[    0.000000] Movable zone start for each node
[    0.000000] Early memory node ranges
[    0.000000]   node   0: [mem 0x0000000000001000-0x000000000009efff]
[    0.000000]   node   0: [mem 0x0000000000100000-0x000000003ffeffff]
[    0.000000] Initmem setup node 0 [mem 0x0000000000001000-0x000000003ffeffff]
[    0.000000] ACPI: PM-Timer IO Port: 0x4008
[    0.000000] IOAPIC[0]: apic_id 2, version 32, address 0xfec00000, GSI 0-23
[    0.000000] ACPI: INT_SRC_OVR (bus 0 bus_irq 0 global_irq 2 dfl dfl)
[    0.000000] ACPI: INT_SRC_OVR (bus 0 bus_irq 9 global_irq 9 low level)
[    0.000000] Using ACPI (MADT) for SMP configuration information
[    0.000000] smpboot: Allowing 2 CPUs, 0 hotplug CPUs
[    0.000000] PM: Registered nosave memory: [mem 0x00000000-0x00000fff]
[    0.000000] PM: Registered nosave memory: [mem 0x0009f000-0x0009ffff]
[    0.000000] PM: Registered nosave memory: [mem 0x000a0000-0x000effff]
[    0.000000] PM: Registered nosave memory: [mem 0x000f0000-0x000fffff]
[    0.000000] e820: [mem 0x40000000-0xfebfffff] available for PCI devices
[    0.000000] Booting paravirtualized kernel on KVM
[    0.000000] clocksource: refined-jiffies: mask: 0xffffffff max_cycles: 0xffffffff, max_idle_ns: 7645519600211568 ns
[    0.000000] setup_percpu: NR_CPUS:512 nr_cpumask_bits:512 nr_cpu_ids:2 nr_node_ids:1
[    0.000000] PERCPU: Embedded 34 pages/cpu @ffff88003fc00000 s99544 r8192 d31528 u1048576
[    0.000000] Built 1 zonelists in Node order, mobility grouping on.  Total pages: 257912
[    0.000000] Policy zone: DMA32
[    0.000000] Kernel command line: BOOT_IMAGE=/boot/vmlinuz-4.4.0-165-generic root=LABEL=cloudimg-rootfs ro console=tty1 console=ttyS0
[    0.000000] PID hash table entries: 4096 (order: 3, 32768 bytes)
[    0.000000] Memory: 997732K/1048120K available (8621K kernel code, 1335K rwdata, 4032K rodata, 1484K init, 1284K bss, 50388K reserved, 0K cma-reserved)
[    0.000000] SLUB: HWalign=64, Order=0-3, MinObjects=0, CPUs=2, Nodes=1
[    0.000000] Kernel/User page tables isolation: enabled
[    0.000000] Hierarchical RCU implementation.
[    0.000000] 	Build-time adjustment of leaf fanout to 64.
[    0.000000] 	RCU restricting CPUs from NR_CPUS=512 to nr_cpu_ids=2.
[    0.000000] RCU: Adjusting geometry for rcu_fanout_leaf=64, nr_cpu_ids=2
[    0.000000] NR_IRQS:33024 nr_irqs:440 16
[    0.000000] Console: colour VGA+ 80x25
[    0.000000] console [tty1] enabled
[    0.000000] console [ttyS0] enabled
[    0.000000] tsc: Detected 2303.998 MHz processor
[    0.129265] Calibrating delay loop (skipped) preset value.. 4607.99 BogoMIPS (lpj=9215992)
[    0.130629] pid_max: default: 32768 minimum: 301
[    0.131371] ACPI: Core revision 20150930
[    0.132604] ACPI: 2 ACPI AML tables successfully acquired and loaded
[    0.133675] Security Framework initialized
[    0.134350] Yama: becoming mindful.
[    0.134999] AppArmor: AppArmor initialized
[    0.135724] Dentry cache hash table entries: 131072 (order: 8, 1048576 bytes)
[    0.137919] Inode-cache hash table entries: 65536 (order: 7, 524288 bytes)
[    0.139031] Mount-cache hash table entries: 2048 (order: 2, 16384 bytes)
[    0.140033] Mountpoint-cache hash table entries: 2048 (order: 2, 16384 bytes)
[    0.141201] Initializing cgroup subsys io
[    0.141870] Initializing cgroup subsys memory
[    0.142580] Initializing cgroup subsys devices
[    0.143547] Initializing cgroup subsys freezer
[    0.144582] Initializing cgroup subsys net_cls
[    0.146144] Initializing cgroup subsys perf_event
[    0.147403] Initializing cgroup subsys net_prio
[    0.148150] Initializing cgroup subsys hugetlb
[    0.148896] Initializing cgroup subsys pids
[    0.150639] mce: CPU supports 0 MCE banks
[    0.151333] Last level iTLB entries: 4KB 64, 2MB 8, 4MB 8
[    0.152409] Last level dTLB entries: 4KB 64, 2MB 0, 4MB 0, 1GB 4
[    0.153516] Spectre V1 : Mitigation: usercopy/swapgs barriers and __user pointer sanitization
[    0.154900] Spectre V2 : Mitigation: Full generic retpoline
[    0.155775] Spectre V2 : Spectre v2 / SpectreRSB mitigation: Filling RSB on context switch
[    0.157123] Speculative Store Bypass: Vulnerable
[    0.157953] MDS: Mitigation: Clear CPU buffers
[    0.161005] Freeing SMP alternatives memory: 36K
[    0.166914] ftrace: allocating 32318 entries in 127 pages
[    0.212773] smpboot: APIC(0) Converting physical 0 to logical package 0
[    0.214247] smpboot: Max logical packages: 1
[    0.215132] x2apic enabled
[    0.215801] Switched APIC routing to physical x2apic.
[    0.217414] ..TIMER: vector=0x30 apic1=0 pin1=2 apic2=-1 pin2=-1
[    0.325435] smpboot: CPU0: Intel(R) Core(TM) i9-9880H CPU @ 2.30GHz (family: 0x6, model: 0x9e, stepping: 0xd)
[    0.329065] Performance Events: unsupported p6 CPU model 158 no PMU driver, software events only.
[    0.337874] KVM setup paravirtual spinlock
[    0.339529] x86: Booting SMP configuration:
[    0.340764] .... node  #0, CPUs:      #1
[    0.341979] kvm-clock: cpu 1, msr 0:3ffe3041, secondary cpu clock
[    0.345345] mce: CPU supports 0 MCE banks
[    0.347862] x86: Booted up 1 node, 2 CPUs
[    0.348715] smpboot: Total of 2 processors activated (9215.99 BogoMIPS)
[    0.349991] devtmpfs: initialized
[    0.352337] evm: security.selinux
[    0.352960] evm: security.SMACK64
[    0.353588] evm: security.SMACK64EXEC
[    0.354208] evm: security.SMACK64TRANSMUTE
[    0.354881] evm: security.SMACK64MMAP
[    0.355539] evm: security.ima
[    0.356071] evm: security.capability
[    0.356890] clocksource: jiffies: mask: 0xffffffff max_cycles: 0xffffffff, max_idle_ns: 7645041785100000 ns
[    0.358429] futex hash table entries: 512 (order: 3, 32768 bytes)
[    0.359813] pinctrl core: initialized pinctrl subsystem
[    0.360718] RTC time: 19:47:39, date: 10/21/19
[    0.361575] NET: Registered protocol family 16
[    0.373966] cpuidle: using governor ladder
[    0.386244] cpuidle: using governor menu
[    0.387887] PCCT header not found.
[    0.389077] ACPI: bus type PCI registered
[    0.389838] acpiphp: ACPI Hot Plug PCI Controller Driver version: 0.5
[    0.390988] PCI: Using configuration type 1 for base access
[    0.403000] ACPI: Added _OSI(Module Device)
[    0.404797] ACPI: Added _OSI(Processor Device)
[    0.406143] ACPI: Added _OSI(3.0 _SCP Extensions)
[    0.407526] ACPI: Added _OSI(Processor Aggregator Device)
[    0.409459] ACPI: Executed 1 blocks of module-level executable AML code
[    0.412675] ACPI: Interpreter enabled
[    0.413381] ACPI: (supports S0 S5)
[    0.414036] ACPI: Using IOAPIC for interrupt routing
[    0.415016] PCI: Using host bridge windows from ACPI; if necessary, use "pci=nocrs" and report a bug
[    0.420094] ACPI: PCI Root Bridge [PCI0] (domain 0000 [bus 00-ff])
[    0.421382] acpi PNP0A03:00: _OSC: OS supports [ASPM ClockPM Segments MSI]
[    0.422642] acpi PNP0A03:00: _OSC: not requesting OS control; OS requires [ExtendedConfig ASPM ClockPM MSI]
[    0.424180] acpi PNP0A03:00: fail to add MMCONFIG information, can't access extended PCI configuration space under this bridge.
[    0.428332] PCI host bridge to bus 0000:00
[    0.429558] pci_bus 0000:00: root bus resource [io  0x0000-0x0cf7 window]
[    0.430721] pci_bus 0000:00: root bus resource [io  0x0d00-0xffff window]
[    0.431729] pci_bus 0000:00: root bus resource [mem 0x000a0000-0x000bffff window]
[    0.433535] pci_bus 0000:00: root bus resource [mem 0x40000000-0xfdffffff window]
[    0.434989] pci_bus 0000:00: root bus resource [bus 00-ff]
[    0.437621] pci 0000:00:01.1: legacy IDE quirk: reg 0x10: [io  0x01f0-0x01f7]
[    0.438947] pci 0000:00:01.1: legacy IDE quirk: reg 0x14: [io  0x03f6]
[    0.440186] pci 0000:00:01.1: legacy IDE quirk: reg 0x18: [io  0x0170-0x0177]
[    0.441481] pci 0000:00:01.1: legacy IDE quirk: reg 0x1c: [io  0x0376]
[    0.459092] pci 0000:00:07.0: quirk: [io  0x4000-0x403f] claimed by PIIX4 ACPI
[    0.461520] pci 0000:00:07.0: quirk: [io  0x4100-0x410f] claimed by PIIX4 SMB
[    0.471550] ACPI: PCI Interrupt Link [LNKA] (IRQs 5 9 10 *11)
[    0.473760] ACPI: PCI Interrupt Link [LNKB] (IRQs 5 9 *10 11)
[    0.475793] ACPI: PCI Interrupt Link [LNKC] (IRQs 5 *9 10 11)
[    0.477181] ACPI: PCI Interrupt Link [LNKD] (IRQs 5 9 10 *11)
[    0.478456] ACPI: Enabled 2 GPEs in block 00 to 07
[    0.479621] vgaarb: setting as boot device: PCI:0000:00:02.0
[    0.480895] vgaarb: device added: PCI:0000:00:02.0,decodes=io+mem,owns=io+mem,locks=none
[    0.482262] vgaarb: loaded
[    0.482782] vgaarb: bridge control possible 0000:00:02.0
[    0.484454] SCSI subsystem initialized
[    0.485968] ACPI: bus type USB registered
[    0.487268] usbcore: registered new interface driver usbfs
[    0.488457] usbcore: registered new interface driver hub
[    0.489358] usbcore: registered new device driver usb
[    0.490353] PCI: Using ACPI for IRQ routing
[    0.491320] NetLabel: Initializing
[    0.491928] NetLabel:  domain hash size = 128
[    0.492664] NetLabel:  protocols = UNLABELED CIPSOv4
[    0.494501] NetLabel:  unlabeled traffic allowed by default
[    0.495485] amd_nb: Cannot enumerate AMD northbridges
[    0.497002] clocksource: Switched to clocksource kvm-clock
[    0.503861] AppArmor: AppArmor Filesystem Enabled
[    0.505563] pnp: PnP ACPI init
[    0.507546] pnp: PnP ACPI: found 3 devices
[    0.516272] clocksource: acpi_pm: mask: 0xffffff max_cycles: 0xffffff, max_idle_ns: 2085701024 ns
[    0.518012] NET: Registered protocol family 2
[    0.518850] TCP established hash table entries: 8192 (order: 4, 65536 bytes)
[    0.520495] TCP bind hash table entries: 8192 (order: 5, 131072 bytes)
[    0.522024] TCP: Hash tables configured (established 8192 bind 8192)
[    0.523592] UDP hash table entries: 512 (order: 2, 16384 bytes)
[    0.525265] UDP-Lite hash table entries: 512 (order: 2, 16384 bytes)
[    0.527085] NET: Registered protocol family 1
[    0.529238] pci 0000:00:00.0: Limiting direct PCI/PCI transfers
[    0.531007] pci 0000:00:01.0: Activating ISA DMA hang workarounds
[    0.532544] Unpacking initramfs...
[    0.716354] Freeing initrd memory: 14828K
[    0.717631] clocksource: tsc: mask: 0xffffffffffffffff max_cycles: 0x2135f5e6f15, max_idle_ns: 440795231538 ns
[    0.719737] platform rtc_cmos: registered platform RTC device (no PNP device found)
[    0.721070] Scanning for low memory corruption every 60 seconds
[    0.722635] audit: initializing netlink subsys (disabled)
[    0.723536] audit: type=2000 audit(1571687264.933:1): initialized
[    0.724704] Initialise system trusted keyring
[    0.726324] HugeTLB registered 2 MB page size, pre-allocated 0 pages
[    0.729162] zbud: loaded
[    0.730180] VFS: Disk quotas dquot_6.6.0
[    0.731187] VFS: Dquot-cache hash table entries: 512 (order 0, 4096 bytes)
[    0.732454] squashfs: version 4.0 (2009/01/31) Phillip Lougher
[    0.733629] fuse init (API version 7.23)
[    0.734675] Key type big_key registered
[    0.735725] Allocating IMA MOK and blacklist keyrings.
[    0.737741] Key type asymmetric registered
[    0.738672] Asymmetric key parser 'x509' registered
[    0.739509] Block layer SCSI generic (bsg) driver version 0.4 loaded (major 249)
[    0.740837] io scheduler noop registered
[    0.741724] io scheduler deadline registered (default)
[    0.742590] io scheduler cfq registered
[    0.743324] pci_hotplug: PCI Hot Plug PCI Core version: 0.5
[    0.745049] pciehp: PCI Express Hot Plug Controller Driver version: 0.4
[    0.747613] ACPI: AC Adapter [AC] (on-line)
[    0.748742] input: Power Button as /devices/LNXSYSTM:00/LNXPWRBN:00/input/input0
[    0.751060] ACPI: Power Button [PWRF]
[    0.751996] input: Sleep Button as /devices/LNXSYSTM:00/LNXSLPBN:00/input/input1
[    0.753389] ACPI: Sleep Button [SLPF]
[    0.754209] GHES: HEST is not enabled!
[    0.755240] ACPI: Battery Slot [BAT0] (battery present)
[    0.756291] Serial: 8250/16550 driver, 32 ports, IRQ sharing enabled
[    0.777856] 00:02: ttyS0 at I/O 0x3f8 (irq = 4, base_baud = 115200) is a 16550A
[    0.782898] Linux agpgart interface v0.103
[    0.785088] loop: module loaded
[    0.786912] scsi host0: ata_piix
[    0.787981] scsi host1: ata_piix
[    0.788884] ata1: PATA max UDMA/33 cmd 0x1f0 ctl 0x3f6 bmdma 0xd000 irq 14
[    0.790376] ata2: PATA max UDMA/33 cmd 0x170 ctl 0x376 bmdma 0xd008 irq 15
[    0.791826] libphy: Fixed MDIO Bus: probed
[    0.793143] tun: Universal TUN/TAP device driver, 1.6
[    0.794801] tun: (C) 1999-2004 Max Krasnyansky <maxk@qualcomm.com>
[    0.795845] PPP generic driver version 2.4.2
[    0.796960] ehci_hcd: USB 2.0 'Enhanced' Host Controller (EHCI) Driver
[    0.798637] ehci-pci: EHCI PCI platform driver
[    0.799451] ehci-platform: EHCI generic platform driver
[    0.800474] ohci_hcd: USB 1.1 'Open' Host Controller (OHCI) Driver
[    0.801802] ohci-pci: OHCI PCI platform driver
[    0.802551] ohci-platform: OHCI generic platform driver
[    0.803399] uhci_hcd: USB Universal Host Controller Interface driver
[    0.804431] i8042: PNP: PS/2 Controller [PNP0303:PS2K,PNP0f03:PS2M] at 0x60,0x64 irq 1,12
[    0.807323] serio: i8042 KBD port at 0x60,0x64 irq 1
[    0.808332] serio: i8042 AUX port at 0x60,0x64 irq 12
[    0.809441] mousedev: PS/2 mouse device common for all mice
[    0.811027] input: AT Translated Set 2 keyboard as /devices/platform/i8042/serio0/input/input2
[    0.813023] rtc_cmos rtc_cmos: rtc core: registered rtc_cmos as rtc0
[    0.814357] rtc_cmos rtc_cmos: alarms up to one day, 114 bytes nvram
[    0.815725] i2c /dev entries driver
[    0.816378] device-mapper: uevent: version 1.0.3
[    0.817217] device-mapper: ioctl: 4.34.0-ioctl (2015-10-28) initialised: dm-devel@redhat.com
[    0.818655] ledtrig-cpu: registered to indicate activity on CPUs
[    0.821416] NET: Registered protocol family 10
[    0.822369] NET: Registered protocol family 17
[    0.823190] Key type dns_resolver registered
[    0.824231] registered taskstats version 1
[    0.825070] Loading compiled-in X.509 certificates
[    0.826630] Loaded X.509 cert 'Build time autogenerated kernel key: 0ed82eac04367aa6426493b1389455ebf6830eaa'
[    0.828267] zswap: loaded using pool lzo/zbud
[    0.830238] Key type trusted registered
[    0.833334] Key type encrypted registered
[    0.834029] AppArmor: AppArmor sha1 policy hashing enabled
[    0.834908] ima: No TPM chip found, activating TPM-bypass!
[    0.835787] ima: Allocated hash algorithm: sha1
[    0.836552] evm: HMAC attrs: 0x1
[    0.837518]   Magic number: 7:854:799
[    0.838885] rtc_cmos rtc_cmos: setting system clock to 2019-10-21 19:47:40 UTC (1571687260)
[    0.840416] BIOS EDD facility v0.16 2004-Jun-25, 0 devices found
[    0.841516] EDD information not available.
[    0.951089] Freeing unused kernel memory: 1484K
[    0.952921] Write protecting the kernel read-only data: 14336k
[    0.955534] Freeing unused kernel memory: 1608K
[    0.957092] Freeing unused kernel memory: 64K
Loading, please wait...
starting version 229
[    0.973107] random: systemd-udevd: uninitialized urandom read (16 bytes read, 3 bits of entropy available)
[    0.973775] random: udevadm: uninitialized urandom read (16 bytes read, 3 bits of entropy available)
[    0.973793] random: udevadm: uninitialized urandom read (16 bytes read, 3 bits of entropy available)
[    0.980670] random: udevadm: uninitialized urandom read (16 bytes read, 3 bits of entropy available)
[    0.980709] random: udevadm: uninitialized urandom read (16 bytes read, 3 bits of entropy available)
[    0.980826] random: udevadm: uninitialized urandom read (16 bytes read, 3 bits of entropy available)
[    0.980869] random: udevadm: uninitialized urandom read (16 bytes read, 3 bits of entropy available)
[    0.980910] random: udevadm: uninitialized urandom read (16 bytes read, 3 bits of entropy available)
[    0.980952] random: udevadm: uninitialized urandom read (16 bytes read, 3 bits of entropy available)
[    0.980994] random: udevadm: uninitialized urandom read (16 bytes read, 3 bits of entropy available)
[    1.018491] e1000: Intel(R) PRO/1000 Network Driver - version 7.3.21-k8-NAPI
[    1.019660] e1000: Copyright (c) 1999-2006 Intel Corporation.
[    1.020755] Fusion MPT base driver 3.04.20
[    1.021651] Copyright (c) 1999-2008 LSI Corporation
[    1.031277] Fusion MPT SPI Host driver 3.04.20
[    1.050055] AVX2 version of gcm_enc/dec engaged.
[    1.051351] AES CTR mode by8 optimization enabled
[    1.230031] input: ImExPS/2 Generic Explorer Mouse as /devices/platform/i8042/serio1/input/input4
[    1.390730] e1000 0000:00:03.0 eth0: (PCI:33MHz:32-bit) 02:a6:4f:fa:c8:d6
[    1.393123] e1000 0000:00:03.0 eth0: Intel(R) PRO/1000 Network Connection
[    1.395609] mptbase: ioc0: Initiating bringup
[    1.457289] ioc0: LSI53C1030 A0: Capabilities={Initiator}
[    1.621024] scsi host2: ioc0: LSI53C1030 A0, FwRev=00000000h, Ports=1, MaxQ=256, IRQ=20
[    1.733981] scsi 2:0:0:0: Direct-Access     VBOX     HARDDISK         1.0  PQ: 0 ANSI: 5
[    1.737277] scsi target2:0:0: Beginning Domain Validation
[    1.740939] scsi target2:0:0: Domain Validation skipping write tests
[    1.742828] scsi target2:0:0: Ending Domain Validation
[    1.744717] scsi target2:0:0: asynchronous
[    1.746950] scsi 2:0:1:0: Direct-Access     VBOX     HARDDISK         1.0  PQ: 0 ANSI: 5
[    1.749000] scsi target2:0:1: Beginning Domain Validation
[    1.752262] scsi target2:0:1: Domain Validation skipping write tests
[    1.753820] scsi target2:0:1: Ending Domain Validation
[    1.755589] scsi target2:0:1: asynchronous
[    1.770062] sd 2:0:0:0: Attached scsi generic sg0 type 0
[    1.780477] sd 2:0:0:0: [sda] 20971520 512-byte logical blocks: (10.7 GB/10.0 GiB)
[    1.783311] sd 2:0:0:0: [sda] Write Protect is off
[    1.784514] sd 2:0:0:0: [sda] Incomplete mode parameter data
[    1.786002] sd 2:0:0:0: [sda] Assuming drive cache: write through
[    1.787676] sd 2:0:1:0: Attached scsi generic sg1 type 0
[    1.790302]  sda: sda1
[    1.791426] sd 2:0:0:0: [sda] Attached SCSI disk
[    1.793769] sd 2:0:1:0: [sdb] 20480 512-byte logical blocks: (10.5 MB/10.0 MiB)
[    1.797336] sd 2:0:1:0: [sdb] Write Protect is off
[    1.799088] sd 2:0:1:0: [sdb] Incomplete mode parameter data
[    1.800157] sd 2:0:1:0: [sdb] Assuming drive cache: write through
[    1.805454] sd 2:0:1:0: [sdb] Attached SCSI disk
[    2.100902] e1000 0000:00:08.0 eth1: (PCI:33MHz:32-bit) 08:00:27:b0:82:51
[    2.102500] e1000 0000:00:08.0 eth1: Intel(R) PRO/1000 Network Connection
[    2.105662] e1000 0000:00:03.0 enp0s3: renamed from eth0
[    2.117886] e1000 0000:00:08.0 enp0s8: renamed from eth1
Begin: Loading essential drivers ... [    3.377243] md: linear personality registered for level -1
[    3.387772] md: multipath personality registered for level -4
[    3.391653] md: raid0 personality registered for level 0
[    3.397779] md: raid1 personality registered for level 1
[    3.469575] raid6: sse2x1   gen()  9932 MB/s
[    3.537235] raid6: sse2x1   xor()  6982 MB/s
[    3.605041] raid6: sse2x2   gen() 13480 MB/s
[    3.673112] raid6: sse2x2   xor()  9360 MB/s
[    3.741217] raid6: sse2x4   gen() 17225 MB/s
[    3.809323] raid6: sse2x4   xor() 10868 MB/s
[    3.877092] raid6: avx2x1   gen() 24518 MB/s
[    3.945487] raid6: avx2x2   gen() 32684 MB/s
[    4.013545] raid6: avx2x4   gen() 35416 MB/s
[    4.014368] raid6: using algorithm avx2x4 gen() 35416 MB/s
[    4.015616] raid6: using avx2x2 recovery algorithm
[    4.017496] xor: automatically using best checksumming function:
[    4.057544]    avx       : 32128.000 MB/sec
[    4.059477] async_tx: api initialized (async)
[    4.067531] md: raid6 personality registered for level 6
[    4.068518] md: raid5 personality registered for level 5
[    4.069494] md: raid4 personality registered for level 4
[    4.075037] md: raid10 personality registered for level 10
done.
Begin: Running /scripts/init-premount ... done.
Begin: Mounting root file system ... Begin: Running /scripts/local-top ... done.
Begin: Running /scripts/local-premount ... [    4.098367] Btrfs loaded
Scanning for Btrfs filesystems
done.
Warning: fsck not present, so skipping root file system
[    4.117928] EXT4-fs (sda1): INFO: recovery required on readonly filesystem
[    4.119539] EXT4-fs (sda1): write access will be enabled during recovery
[    4.268138] EXT4-fs (sda1): orphan cleanup on readonly fs
[    4.269226] EXT4-fs (sda1): 1 orphan inode deleted
[    4.270358] EXT4-fs (sda1): recovery complete
[    4.278510] EXT4-fs (sda1): mounted filesystem with ordered data mode. Opts: (null)
done.
Begin: Running /scripts/local-bottom ... done.
Begin: Running /scripts/init-bottom ... done.
[    4.357622] systemd[1]: systemd 229 running in system mode. (+PAM +AUDIT +SELINUX +IMA +APPARMOR +SMACK +SYSVINIT +UTMP +LIBCRYPTSETUP +GCRYPT +GNUTLS +ACL +XZ -LZ4 +SECCOMP +BLKID +ELFUTILS +KMOD -IDN)
[    4.360624] systemd[1]: Detected virtualization oracle.
[    4.361558] systemd[1]: Detected architecture x86-64.

Welcome to [1mUbuntu 16.04.6 LTS[0m!

[    4.364225] systemd[1]: Set hostname to <ubuntu-xenial>.
[    4.466689] systemd[1]: Listening on /dev/initctl Compatibility Named Pipe.
[[0;32m  OK  [0m] Listening on /dev/initctl Compatibility Named Pipe.
[    4.477694] systemd[1]: Listening on Journal Socket.
[[0;32m  OK  [0m] Listening on Journal Socket.
[    4.480122] systemd[1]: Started Trigger resolvconf update for networkd DNS.
[[0;32m  OK  [0m] Started Trigger resolvconf update for networkd DNS.
[    4.482823] systemd[1]: Listening on Device-mapper event daemon FIFOs.
[[0;32m  OK  [0m] Listening on Device-mapper event daemon FIFOs.
[    4.485419] systemd[1]: Started Forward Password Requests to Wall Directory Watch.
[[0;32m  OK  [0m] Started Forward Password Requests to Wall Directory Watch.
[    4.493847] systemd[1]: Listening on LVM2 poll daemon socket.
[[0;32m  OK  [0m] Listening on LVM2 poll daemon socket.
[    4.502098] systemd[1]: Created slice System Slice.
[[0;32m  OK  [0m] Created slice System Slice.
[    4.513364] systemd[1]: Starting Uncomplicated firewall...
         Starting Uncomplicated firewall...
[    4.517426] systemd[1]: Starting Remount Root and Kernel File Systems...
         Starting Remount Root and Kernel File Systems...
[    4.522635] systemd[1]: Starting Load Kernel Modules...
         Starting Load Kernel Modules...
[    4.524978] systemd[1]: Starting Nameserver information manager...
         Starting Nameserver information manager...
[    4.527681] systemd[1]: Mounting Huge Pages File System...
         Mounting Huge Pages File System...
[    4.529745] systemd[1]: Listening on Journal Audit Socket.
[[0;32m  OK  [0m] Listening on Journal Audit Socket.
[    4.531864] systemd[1]: Listening on udev Control Socket.
[[0;32m  OK  [0m] Listening on udev Control Socket.
[    4.535497] Loading iSCSI transport class v2.0-870.
[    4.536488] EXT4-fs (sda1): re-mounted. Opts: (null)
[    4.538495] random: nonblocking pool is initialized
[    4.541205] systemd[1]: Reached target User and Group Name Lookups.
[[0;32m  OK  [0m] Reached target User and Group Name Lookups.
[    4.544813] iscsi: registered transport (tcp)
[    4.549660] systemd[1]: Mounting POSIX Message Queue File System...
         Mounting POSIX Message Queue File System...
[    4.551908] systemd[1]: Reached target Swap.
[[0;32m  OK  [0m] Reached target Swap.
[    4.561341] systemd[1]: Reached target Encrypted Volumes.
[[0;32m  OK  [0m] Reached target Encrypted Volumes.
[    4.563504] systemd[1]: Listening on LVM2 metadata daemon socket.
[[0;32m  OK  [0m] Listening on LVM2 metadata daemon socket.
[    4.566646] iscsi: registered transport (iser)
[    4.573252] systemd[1]: Listening on Journal Socket (/dev/log).
[[0;32m  OK  [0m] Listening on Journal Socket (/dev/log).
[    4.593475] systemd[1]: Starting Set console keymap...
         Starting Set console keymap...
[    4.596573] systemd[1]: Listening on Syslog Socket.
[[0;32m  OK  [0m] Listening on Syslog Socket.
[    4.605908] systemd[1]: Mounting Debug File System...
         Mounting Debug File System...
[    4.613884] systemd[1]: Starting Monitoring of LVM2 mirrors, snapshots etc. using dmeventd or progress polling...
         Starting Monitoring of LVM2 mirrors... dmeventd or progress polling...
[    4.617758] systemd[1]: Starting Journal Service...
         Starting Journal Service...
[    4.619772] systemd[1]: Set up automount Arbitrary Executable File Formats File System Automount Point.
[[0;32m  OK  [0m] Set up automount Arbitrary Executab...ats File System Automount Point.
[    4.625257] systemd[1]: Created slice system-serial\x2dgetty.slice.
[[0;32m  OK  [0m] Created slice system-serial\x2dgetty.slice.
[    4.627781] systemd[1]: Created slice User and Session Slice.
[[0;32m  OK  [0m] Created slice User and Session Slice.
[    4.630270] systemd[1]: Reached target Slices.
[[0;32m  OK  [0m] Reached target Slices.
[    4.633117] systemd[1]: Listening on udev Kernel Socket.
[[0;32m  OK  [0m] Listening on udev Kernel Socket.
[    4.653694] systemd[1]: Starting Create list of required static device nodes for the current kernel...
         Starting Create list of required st... nodes for the current kernel...
[    4.665682] systemd[1]: Reached target System Time Synchronized.
[[0;32m  OK  [0m] Reached target System Time Synchronized.
[    4.690528] systemd[1]: Mounted Debug File System.
[[0;32m  OK  [0m] Mounted Debug File System.
[    4.693535] systemd[1]: Mounted Huge Pages File System.
[[0;32m  OK  [0m] Mounted Huge Pages File System.
[    4.696298] systemd[1]: Mounted POSIX Message Queue File System.
[[0;32m  OK  [0m] Mounted POSIX Message Queue File System.
[    4.699178] systemd[1]: Started Journal Service.
[[0;32m  OK  [0m] Started Journal Service.
[[0;32m  OK  [0m] Started Uncomplicated firewall.
[[0;32m  OK  [0m] Started Remount Root and Kernel File Systems.
[[0;32m  OK  [0m] Started Load Kernel Modules.
[[0;32m  OK  [0m] Started Set console keymap.
[[0;32m  OK  [0m] Started Create list of required sta...ce nodes for the current kernel.
[[0;32m  OK  [0m] Started Nameserver information manager.
[[0;32m  OK  [0m] Started LVM2 metadata daemon.
         Starting Create Static Device Nodes in /dev...
         Mounting FUSE Control File System...
         Starting Apply Kernel Variables...
         Starting Load/Save Random Seed...
         Starting udev Coldplug all Devices...
         Starting Flush Journal to Persistent Storage...
[[0;32m  OK  [0m] Mounted FUSE Control File System.
[[0;32m  OK  [0m] Started Load/Save Random Seed.
[[0;32m  OK  [0m] Started Apply Kernel Variables.
[[0;32m  OK  [0m] Started Create Static Device Nodes in /dev.
[[0;32m  OK  [0m] Started Flush Journal to Persistent Storage.
         Starting udev Kernel Device Manager...
[[0;32m  OK  [0m] Started udev Coldplug all Devices.
[[0;32m  OK  [0m] Started udev Kernel Device Manager.
[[0;32m  OK  [0m] Started Dispatch Password Requests to Console Directory Watch.
[[0;32m  OK  [0m] Started Monitoring of LVM2 mirrors,...ng dmeventd or progress polling.
[[0;32m  OK  [0m] Reached target Local File Systems (Pre).
[[0;32m  OK  [0m] Reached target Local File Systems.
         Starting Initial cloud-init job (pre-networking)...
         Starting Tell Plymouth To Write Out Runtime Data...
         Starting LSB: AppArmor initialization...
         Starting Create Volatile Files and Directories...
         Starting Set console font and keymap...
[[0;32m  OK  [0m] Found device /dev/ttyS0.
[[0;32m  OK  [0m] Started Create Volatile Files and Directories.
[[0;32m  OK  [0m] Started Tell Plymouth To Write Out Runtime Data.
         Starting Update UTMP about System Boot/Shutdown...
[[0;32m  OK  [0m] Started Update UTMP about System Boot/Shutdown.
[[0;32m  OK  [0m] Listening on Load/Save RF Kill Switch Status /dev/rfkill Watch.
[[0;32m  OK  [0m] Started LSB: AppArmor initialization.
[[0;32m  OK  [0m] Found device 82540EM Gigabit Ethern...r (PRO/1000 MT Desktop Adapter).
[[0;32m  OK  [0m] Found device 82540EM Gigabit Ethern...r (PRO/1000 MT Desktop Adapter).
[    5.392640] cloud-init[508]: Cloud-init v. 19.2-36-g059d049c-0ubuntu2~16.04.1 running 'init-local' at Mon, 21 Oct 2019 19:47:45 +0000. Up 5.17 seconds.
[[0;32m  OK  [0m] Started Set console font and keymap.
[[0;32m  OK  [0m] Started Initial cloud-init job (pre-networking).
[[0;32m  OK  [0m] Reached target Network (Pre).
         Starting Raise network interfaces...
[[0;32m  OK  [0m] Started ifup for enp0s3.
[[0;32m  OK  [0m] Started ifup for enp0s8.
[[0;32m  OK  [0m] Created slice system-getty.slice.
[[0;32m  OK  [0m] Started Raise network interfaces.
         Starting Initial cloud-init job (metadata service crawler)...
[[0;32m  OK  [0m] Reached target Network.
[    5.970361] cloud-init[1078]: Cloud-init v. 19.2-36-g059d049c-0ubuntu2~16.04.1 running 'init' at Mon, 21 Oct 2019 19:47:45 +0000. Up 5.78 seconds.
[    5.976877] cloud-init[1078]: ci-info: ++++++++++++++++++++++++++++++++++++++Net device info+++++++++++++++++++++++++++++++++++++++
[    5.978532] cloud-init[1078]: ci-info: +--------+------+-----------------------------+---------------+--------+-------------------+
[    5.979898] cloud-init[1078]: ci-info: | Device |  Up  |           Address           |      Mask     | Scope  |     Hw-Address    |
[    5.981556] cloud-init[1078]: ci-info: +--------+------+-----------------------------+---------------+--------+-------------------+
[    5.982454] cloud-init[1078]: ci-info: | enp0s3 | True |          10.0.2.15          | 255.255.255.0 | global | 02:a6:4f:fa:c8:d6 |
[    5.983784] cloud-init[1078]: ci-info: | enp0s3 | True |  fe80::a6:4fff:fefa:c8d6/64 |       .       |  link  | 02:a6:4f:fa:c8:d6 |
[    5.985150] cloud-init[1078]: ci-info: | enp0s8 | True |        192.168.33.10        | 255.255.255.0 | global | 08:00:27:b0:82:51 |
[    5.986449] cloud-init[1078]: ci-info: | enp0s8 | True | fe80::a00:27ff:feb0:8251/64 |       .       |  link  | 08:00:27:b0:82:51 |
[    5.987508] cloud-init[1078]: ci-info: |   lo   | True |          127.0.0.1          |   255.0.0.0   |  host  |         .         |
[    5.988719] cloud-init[1078]: ci-info: |   lo   | True |           ::1/128           |       .       |  host  |         .         |
[    5.990376] cloud-init[1078]: ci-info: +--------+------+-----------------------------+---------------+--------+-------------------+
[    5.991541] cloud-init[1078]: ci-info: ++++++++++++++++++++++++++++Route IPv4 info++++++++++++++++++++++++++++
[    6.000796] cloud-init[1078]: ci-info: +-------+--------------+----------+---------------+-----------+-------+
[    6.001929] cloud-init[1078]: ci-info: | Route | Destination  | Gateway  |    Genmask    | Interface | Flags |
[    6.003249] cloud-init[1078]: ci-info: +-------+--------------+----------+---------------+-----------+-------+
[    6.012649] cloud-init[1078]: ci-info: |   0   |   0.0.0.0    | 10.0.2.2 |    0.0.0.0    |   enp0s3  |   UG  |
[    6.020359] cloud-init[1078]: ci-info: |   1   |   10.0.2.0   | 0.0.0.0  | 255.255.255.0 |   enp0s3  |   U   |
[    6.028951] cloud-init[1078]: ci-info: |   2   | 192.168.33.0 | 0.0.0.0  | 255.255.255.0 |   enp0s8  |   U   |
[[0;32m  OK  [0m] Started Initial cloud-init job (metadata service crawler).
[[0;32m  OK  [0m] Reached target Network is Online.
[    6.033207] cloud-init[1078]: ci-info: +-------+--------------+----------+---------------+-----------+-------+
[    6.036691] cloud-init[1078]: ci-info: +++++++++++++++++++Route IPv6 info+++++++++++++++++++
[    6.037917] cloud-init[1078]: ci-info: +-------+-------------+---------+-----------+-------+
[    6.044441] cloud-init[1078]: ci-info: | Route | Destination | Gateway | Interface | Flags |
[    6.052313]          Starting iSCSI initiator daemon (iscsid)...
cloud-init[[1078]: [0;32m  OK  [0mci-info: +-------+-------------+---------+-----------+-------+] 
Reached target Cloud-config availability.
[[0;32m  OK  [0m] Reached target System Initialization.
[    6.052868] cloud-init[1078]: ci-info: |   0   |  fe80::/64  |    ::   |   enp0s8  |   U   |
[    6.056228] cloud-init[1078]: ci-info: |   1   |  fe80::/64  |    ::   |   enp0s3  |   U   |
[    6.056482] cloud-init[1078]: ci-info: |   4   |   ff00::/8  |    ::   |   enp0s8  |   U   |
         Starting LXD - unix socket.
[    6.056559] cloud-init[1078]: ci-info: |   5   |   ff00::/8  |    ::   |   enp0s3  |   U   |
[    6.065842] cloud-init[1078]: ci-info: +-------+-------------+---------+-----------+-------+
[[0;32m  OK  [0m] Started ACPI Events Check.
[[0;32m  OK  [0m] Reached target Paths.
[[0;32m  OK  [0m] Listening on ACPID Listen Socket.
[[0;32m  OK  [0m] Listening on UUID daemon activation socket.
[[0;32m  OK  [0m] Started Daily apt download activities.
         Starting Socket activation for snappy daemon.
[[0;32m  OK  [0m] Listening on D-Bus System Message Bus Socket.
[[0;32m  OK  [0m] Started Daily apt upgrade and clean activities.
[[0;32m  OK  [0m] Started Daily Cleanup of Temporary Directories.
[[0;32m  OK  [0m] Started Clean PHP session files every 30 mins.
[[0;32m  OK  [0m] Reached target Timers.
[[0;32m  OK  [0m] Listening on LXD - unix socket.
[[0;32m  OK  [0m] Listening on Socket activation for snappy daemon.
[[0;32m  OK  [0m] Started iSCSI initiator daemon (iscsid).
         Starting Login to default iSCSI targets...
[[0;32m  OK  [0m] Reached target Sockets.
[[0;32m  OK  [0m] Reached target Basic System.
         Starting Clean php session files...
[[0;32m  OK  [0m] Started FUSE filesystem for LXC.
         Starting /etc/rc.local Compatibility...
         Starting OpenBSD Secure Shell server...
         Starting LSB: MD monitoring daemon...
         Starting LSB: Record successful boot for GRUB...
         Starting Login Service...
[[0;32m  OK  [0m] Started Deferred execution scheduler.
[[0;32m  OK  [0m] Started Regular background program processing daemon.
         Starting Snappy daemon...
         Starting Accounts Service...
         Starting Virtualbox guest utils...
[[0;32m  OK  [0m] Started ACPI event daemon.
[[0;32m  OK  [0m] Started D-Bus System Message Bus.
         Starting System Logging Service...
         Starting LXD - container startup/shutdown...
[[0;32m  OK  [0m] Started /etc/rc.local Compatibility.
[[0;32m  OK  [0m] Started OpenBSD Secure Shell server.
[[0;32m  OK  [0m] Started System Logging Service.
[[0;32m  OK  [0m] Started Login to default iSCSI targets.
[[0;32m  OK  [0m] Started LSB: MD monitoring daemon.
[[0;32m  OK  [0m] Started LSB: Record successful boot for GRUB.
[[0;32m  OK  [0m] Started Login Service.
[[0;32m  OK  [0m] Started Unattended Upgrades Shutdown.
         Starting Authenticate and Authorize Users to Run Privileged Tasks...
[[0;32m  OK  [0m] Reached target Remote File Systems (Pre).
[[0;32m  OK  [0m] Reached target Remote File Systems.
         Starting LSB: Set the CPU Frequency Scaling governor to "ondemand"...
         Starting LSB: daemon to balance interrupts for SMP systems...
         Starting LSB: Apache2 web server...
         Starting LSB: automatic crash report generation...
         Starting Permit User Sessions...
[[0;32m  OK  [0m] Started Permit User Sessions.
[[0;32m  OK  [0m] Started Virtualbox guest utils.
         Starting Terminate Plymouth Boot Screen...
         Starting Hold until boot process finishes up...
[[0;32m  OK  [0m] Started LSB: daemon to balance interrupts for SMP systems.
[[0;32m  OK  [0m] Started LSB: automatic crash report generation.
[[0;32m  OK  [0m] Started Hold until boot process finishes up.
[[0;32m  OK  [0m] Started Authenticate and Authorize Users to Run Privileged Tasks.
[[0;32m  OK  [0m] Started Terminate Plymouth Boot Screen.
[[0;32m  OK  [0m] Started Accounts Service.
[[0;32m  OK  [0m] Started Serial Getty on ttyS0.
         Starting Set console scheme...
[[0;32m  OK  [0m] Started Getty on tty1.
[[0;32m  OK  [0m] Reached target Login Prompts.
[[0;32m  OK  [0m] Started LXD - container startup/shutdown.
[[0;32m  OK  [0m] Started LSB: Set the CPU Frequency Scaling governor to "ondemand".
[[0;32m  OK  [0m] Started Set console scheme.
[[0;32m  OK  [0m] Started Snappy daemon.
         Starting Wait until snapd is fully seeded...
[[0;32m  OK  [0m] Started Clean php session files.
[[0;32m  OK  [0m] Started Wait until snapd is fully seeded.
         Starting Apply the settings specified in cloud-config...
[    6.758984] cloud-init[1395]: Cloud-init v. 19.2-36-g059d049c-0ubuntu2~16.04.1 running 'modules:config' at Mon, 21 Oct 2019 19:47:46 +0000. Up 6.69 seconds.
[[0;32m  OK  [0m] Started Apply the settings specified in cloud-config.
[[0;32m  OK  [0m] Started LSB: Apache2 web server.
[[0;32m  OK  [0m] Reached target Multi-User System.
[[0;32m  OK  [0m] Reached target Graphical Interface.
         Starting Update UTMP about System Runlevel Changes...
         Starting Execute cloud user/final scripts...
[[0;32m  OK  [0m] Started Update UTMP about System Runlevel Changes.
[    7.907311] cloud-init[1424]: Cloud-init v. 19.2-36-g059d049c-0ubuntu2~16.04.1 running 'modules:final' at Mon, 21 Oct 2019 19:47:47 +0000. Up 7.83 seconds.
[    7.920440] cloud-init[1424]: Cloud-init v. 19.2-36-g059d049c-0ubuntu2~16.04.1 finished at Mon, 21 Oct 2019 19:47:47 +0000. Datasource DataSourceNoCloud [seed=/dev/sdb][dsmode=net].  Up 7.90 seconds
[[0;32m  OK  [0m] Started Execute cloud user/final scripts.
         Starting Daily apt download activities...
[[0;32m  OK  [0m] Reached target Cloud-init target.

Ubuntu 16.04.6 LTS ubuntu-xenial ttyS0

ubuntu-xenial login: 